<?xml version="1.0" encoding="UTF-8"?>
<testsuite name="org.auto_backup.YamlParseTest" tests="4" skipped="0" failures="0" errors="0" timestamp="2025-09-01T07:36:17.956Z" hostname="radon" time="0.01">
  <properties/>
  <testcase name="ReadFileAbsolute()" classname="org.auto_backup.YamlParseTest" time="0.002"/>
  <testcase name="Deserialize()" classname="org.auto_backup.YamlParseTest" time="0.003"/>
  <testcase name="ReadFileResource()" classname="org.auto_backup.YamlParseTest" time="0.002"/>
  <testcase name="Serialize()" classname="org.auto_backup.YamlParseTest" time="0.001"/>
  <system-out><![CDATA[HI java.lang.Object
]]></system-out>
  <system-err><![CDATA[]]></system-err>
</testsuite>
